[0.580s] Invoking command in '/home/yamaguchi/ros2_ws/src/mypkg': PYTHONPATH=/home/yamaguchi/ros2_ws/src/mypkg/build/mypkg/prefix_override:/usr/lib/python3/dist-packages/colcon_core/task/python/colcon_distutils_commands:/home/yamaguchi/ros2_ws/src/mypkg/install/mypkg/lib/python3.10/site-packages:${PYTHONPATH} /usr/bin/python3 -W ignore:setup.py install is deprecated -W ignore:easy_install command is deprecated setup.py egg_info --egg-base build/mypkg build --build-base /home/yamaguchi/ros2_ws/src/mypkg/build/mypkg/build install --record /home/yamaguchi/ros2_ws/src/mypkg/build/mypkg/install.log --single-version-externally-managed install_data
[0.730s] running egg_info
[0.730s] creating build/mypkg/mypkg.egg-info
[0.731s] writing build/mypkg/mypkg.egg-info/PKG-INFO
[0.731s] writing dependency_links to build/mypkg/mypkg.egg-info/dependency_links.txt
[0.731s] writing entry points to build/mypkg/mypkg.egg-info/entry_points.txt
[0.731s] writing requirements to build/mypkg/mypkg.egg-info/requires.txt
[0.731s] writing top-level names to build/mypkg/mypkg.egg-info/top_level.txt
[0.731s] writing manifest file 'build/mypkg/mypkg.egg-info/SOURCES.txt'
[0.734s] reading manifest file 'build/mypkg/mypkg.egg-info/SOURCES.txt'
[0.734s] writing manifest file 'build/mypkg/mypkg.egg-info/SOURCES.txt'
[0.734s] running build
[0.734s] running build_py
[0.734s] creating /home/yamaguchi/ros2_ws/src/mypkg/build/mypkg/build
[0.735s] creating /home/yamaguchi/ros2_ws/src/mypkg/build/mypkg/build/lib
[0.735s] creating /home/yamaguchi/ros2_ws/src/mypkg/build/mypkg/build/lib/mypkg
[0.735s] copying mypkg/__init__.py -> /home/yamaguchi/ros2_ws/src/mypkg/build/mypkg/build/lib/mypkg
[0.735s] copying mypkg/listener.py -> /home/yamaguchi/ros2_ws/src/mypkg/build/mypkg/build/lib/mypkg
[0.736s] copying mypkg/talker.py -> /home/yamaguchi/ros2_ws/src/mypkg/build/mypkg/build/lib/mypkg
[0.736s] running install
[0.736s] running install_lib
[0.737s] creating /home/yamaguchi/ros2_ws/src/mypkg/install/mypkg/lib/python3.10/site-packages/mypkg
[0.737s] copying /home/yamaguchi/ros2_ws/src/mypkg/build/mypkg/build/lib/mypkg/__init__.py -> /home/yamaguchi/ros2_ws/src/mypkg/install/mypkg/lib/python3.10/site-packages/mypkg
[0.737s] copying /home/yamaguchi/ros2_ws/src/mypkg/build/mypkg/build/lib/mypkg/listener.py -> /home/yamaguchi/ros2_ws/src/mypkg/install/mypkg/lib/python3.10/site-packages/mypkg
[0.737s] copying /home/yamaguchi/ros2_ws/src/mypkg/build/mypkg/build/lib/mypkg/talker.py -> /home/yamaguchi/ros2_ws/src/mypkg/install/mypkg/lib/python3.10/site-packages/mypkg
[0.737s] byte-compiling /home/yamaguchi/ros2_ws/src/mypkg/install/mypkg/lib/python3.10/site-packages/mypkg/__init__.py to __init__.cpython-310.pyc
[0.738s] byte-compiling /home/yamaguchi/ros2_ws/src/mypkg/install/mypkg/lib/python3.10/site-packages/mypkg/listener.py to listener.cpython-310.pyc
[0.738s] byte-compiling /home/yamaguchi/ros2_ws/src/mypkg/install/mypkg/lib/python3.10/site-packages/mypkg/talker.py to talker.cpython-310.pyc
[0.738s] running install_data
[0.738s] creating /home/yamaguchi/ros2_ws/src/mypkg/install/mypkg/share/ament_index
[0.739s] creating /home/yamaguchi/ros2_ws/src/mypkg/install/mypkg/share/ament_index/resource_index
[0.739s] creating /home/yamaguchi/ros2_ws/src/mypkg/install/mypkg/share/ament_index/resource_index/packages
[0.739s] copying resource/mypkg -> /home/yamaguchi/ros2_ws/src/mypkg/install/mypkg/share/ament_index/resource_index/packages
[0.739s] copying package.xml -> /home/yamaguchi/ros2_ws/src/mypkg/install/mypkg/share/mypkg
[0.739s] running install_egg_info
[0.741s] Copying build/mypkg/mypkg.egg-info to /home/yamaguchi/ros2_ws/src/mypkg/install/mypkg/lib/python3.10/site-packages/mypkg-0.0.0-py3.10.egg-info
[0.741s] running install_scripts
[0.759s] Installing talker = mypkg.talker:mainlistener script to /home/yamaguchi/ros2_ws/src/mypkg/install/mypkg/lib/mypkg
[0.759s] writing list of installed files to '/home/yamaguchi/ros2_ws/src/mypkg/build/mypkg/install.log'
[0.776s] Invoked command in '/home/yamaguchi/ros2_ws/src/mypkg' returned '0': PYTHONPATH=/home/yamaguchi/ros2_ws/src/mypkg/build/mypkg/prefix_override:/usr/lib/python3/dist-packages/colcon_core/task/python/colcon_distutils_commands:/home/yamaguchi/ros2_ws/src/mypkg/install/mypkg/lib/python3.10/site-packages:${PYTHONPATH} /usr/bin/python3 -W ignore:setup.py install is deprecated -W ignore:easy_install command is deprecated setup.py egg_info --egg-base build/mypkg build --build-base /home/yamaguchi/ros2_ws/src/mypkg/build/mypkg/build install --record /home/yamaguchi/ros2_ws/src/mypkg/build/mypkg/install.log --single-version-externally-managed install_data
